2026-02-06 18:18:43,063 - INFO - --- STARTING EXPERIMENT ---
2026-02-06 18:18:43,064 - INFO - Loading dataset from dataset.csv...
2026-02-06 18:18:43,074 - INFO - Loaded 11 examples.
2026-02-06 18:18:43,074 - INFO - Initializing Instruct-DeBERTa (Beam Size = 1)...
2026-02-06 18:18:43,221 - INFO - HTTP Request: HEAD https://huggingface.co/kevinscaria/ate_tk-instruct-base-def-pos-neg-neut-combined/resolve/main/config.json "HTTP/1.1 307 Temporary Redirect"
2026-02-06 18:18:43,261 - INFO - HTTP Request: HEAD https://huggingface.co/api/resolve-cache/models/kevinscaria/ate_tk-instruct-base-def-pos-neg-neut-combined/c1ba0cf3f059c8cd7db247b71f3b8ce654ef68d2/config.json "HTTP/1.1 200 OK"
2026-02-06 18:18:43,307 - INFO - HTTP Request: GET https://huggingface.co/api/resolve-cache/models/kevinscaria/ate_tk-instruct-base-def-pos-neg-neut-combined/c1ba0cf3f059c8cd7db247b71f3b8ce654ef68d2/config.json "HTTP/1.1 200 OK"
2026-02-06 18:18:43,376 - INFO - HTTP Request: HEAD https://huggingface.co/kevinscaria/ate_tk-instruct-base-def-pos-neg-neut-combined/resolve/main/tokenizer_config.json "HTTP/1.1 307 Temporary Redirect"
2026-02-06 18:18:43,418 - INFO - HTTP Request: HEAD https://huggingface.co/api/resolve-cache/models/kevinscaria/ate_tk-instruct-base-def-pos-neg-neut-combined/c1ba0cf3f059c8cd7db247b71f3b8ce654ef68d2/tokenizer_config.json "HTTP/1.1 200 OK"
2026-02-06 18:18:43,461 - INFO - HTTP Request: GET https://huggingface.co/api/resolve-cache/models/kevinscaria/ate_tk-instruct-base-def-pos-neg-neut-combined/c1ba0cf3f059c8cd7db247b71f3b8ce654ef68d2/tokenizer_config.json "HTTP/1.1 200 OK"
2026-02-06 18:18:43,516 - INFO - HTTP Request: GET https://huggingface.co/api/models/kevinscaria/ate_tk-instruct-base-def-pos-neg-neut-combined/tree/main/additional_chat_templates?recursive=false&expand=false "HTTP/1.1 404 Not Found"
2026-02-06 18:18:43,592 - INFO - HTTP Request: GET https://huggingface.co/api/models/kevinscaria/ate_tk-instruct-base-def-pos-neg-neut-combined/tree/main?recursive=true&expand=false "HTTP/1.1 200 OK"
2026-02-06 18:18:43,641 - INFO - HTTP Request: HEAD https://huggingface.co/kevinscaria/ate_tk-instruct-base-def-pos-neg-neut-combined/resolve/main/spiece.model "HTTP/1.1 302 Found"
2026-02-06 18:18:43,742 - INFO - HTTP Request: GET https://huggingface.co/api/models/kevinscaria/ate_tk-instruct-base-def-pos-neg-neut-combined/xet-read-token/c1ba0cf3f059c8cd7db247b71f3b8ce654ef68d2 "HTTP/1.1 200 OK"
2026-02-06 18:18:45,244 - INFO - HTTP Request: HEAD https://huggingface.co/kevinscaria/ate_tk-instruct-base-def-pos-neg-neut-combined/resolve/main/tokenizer.json "HTTP/1.1 307 Temporary Redirect"
2026-02-06 18:18:45,288 - INFO - HTTP Request: HEAD https://huggingface.co/api/resolve-cache/models/kevinscaria/ate_tk-instruct-base-def-pos-neg-neut-combined/c1ba0cf3f059c8cd7db247b71f3b8ce654ef68d2/tokenizer.json "HTTP/1.1 200 OK"
2026-02-06 18:18:45,332 - INFO - HTTP Request: GET https://huggingface.co/api/resolve-cache/models/kevinscaria/ate_tk-instruct-base-def-pos-neg-neut-combined/c1ba0cf3f059c8cd7db247b71f3b8ce654ef68d2/tokenizer.json "HTTP/1.1 200 OK"
2026-02-06 18:18:45,438 - INFO - HTTP Request: HEAD https://huggingface.co/kevinscaria/ate_tk-instruct-base-def-pos-neg-neut-combined/resolve/main/added_tokens.json "HTTP/1.1 404 Not Found"
2026-02-06 18:18:45,487 - INFO - HTTP Request: HEAD https://huggingface.co/kevinscaria/ate_tk-instruct-base-def-pos-neg-neut-combined/resolve/main/special_tokens_map.json "HTTP/1.1 307 Temporary Redirect"
2026-02-06 18:18:45,529 - INFO - HTTP Request: HEAD https://huggingface.co/api/resolve-cache/models/kevinscaria/ate_tk-instruct-base-def-pos-neg-neut-combined/c1ba0cf3f059c8cd7db247b71f3b8ce654ef68d2/special_tokens_map.json "HTTP/1.1 200 OK"
2026-02-06 18:18:45,572 - INFO - HTTP Request: GET https://huggingface.co/api/resolve-cache/models/kevinscaria/ate_tk-instruct-base-def-pos-neg-neut-combined/c1ba0cf3f059c8cd7db247b71f3b8ce654ef68d2/special_tokens_map.json "HTTP/1.1 200 OK"
2026-02-06 18:18:45,673 - INFO - HTTP Request: HEAD https://huggingface.co/kevinscaria/ate_tk-instruct-base-def-pos-neg-neut-combined/resolve/main/chat_template.jinja "HTTP/1.1 404 Not Found"
2026-02-06 18:18:45,674 - WARNING - Warning: You are sending unauthenticated requests to the HF Hub. Please set a HF_TOKEN to enable higher rate limits and faster downloads.
2026-02-06 18:18:46,387 - INFO - HTTP Request: HEAD https://huggingface.co/kevinscaria/ate_tk-instruct-base-def-pos-neg-neut-combined/resolve/main/config.json "HTTP/1.1 307 Temporary Redirect"
2026-02-06 18:18:46,405 - INFO - HTTP Request: HEAD https://huggingface.co/api/resolve-cache/models/kevinscaria/ate_tk-instruct-base-def-pos-neg-neut-combined/c1ba0cf3f059c8cd7db247b71f3b8ce654ef68d2/config.json "HTTP/1.1 200 OK"
2026-02-06 18:18:46,457 - INFO - HTTP Request: HEAD https://huggingface.co/kevinscaria/ate_tk-instruct-base-def-pos-neg-neut-combined/resolve/main/adapter_config.json "HTTP/1.1 404 Not Found"
2026-02-06 18:18:46,550 - INFO - HTTP Request: HEAD https://huggingface.co/kevinscaria/ate_tk-instruct-base-def-pos-neg-neut-combined/resolve/main/config.json "HTTP/1.1 307 Temporary Redirect"
2026-02-06 18:18:46,568 - INFO - HTTP Request: HEAD https://huggingface.co/api/resolve-cache/models/kevinscaria/ate_tk-instruct-base-def-pos-neg-neut-combined/c1ba0cf3f059c8cd7db247b71f3b8ce654ef68d2/config.json "HTTP/1.1 200 OK"
2026-02-06 18:18:46,659 - INFO - HTTP Request: HEAD https://huggingface.co/kevinscaria/ate_tk-instruct-base-def-pos-neg-neut-combined/resolve/main/model.safetensors "HTTP/1.1 404 Not Found"
2026-02-06 18:18:46,874 - INFO - HTTP Request: HEAD https://huggingface.co/kevinscaria/ate_tk-instruct-base-def-pos-neg-neut-combined/resolve/main/model.safetensors.index.json "HTTP/1.1 404 Not Found"
2026-02-06 18:18:47,018 - INFO - HTTP Request: HEAD https://huggingface.co/kevinscaria/ate_tk-instruct-base-def-pos-neg-neut-combined/resolve/main/pytorch_model.bin "HTTP/1.1 302 Found"
2026-02-06 18:18:55,635 - INFO - HTTP Request: HEAD https://huggingface.co/kevinscaria/ate_tk-instruct-base-def-pos-neg-neut-combined/resolve/main/model.safetensors "HTTP/1.1 404 Not Found"
2026-02-06 18:18:55,687 - INFO - HTTP Request: GET https://huggingface.co/api/models/kevinscaria/ate_tk-instruct-base-def-pos-neg-neut-combined "HTTP/1.1 200 OK"
2026-02-06 18:18:55,777 - INFO - HTTP Request: GET https://huggingface.co/api/models/kevinscaria/ate_tk-instruct-base-def-pos-neg-neut-combined/commits/main "HTTP/1.1 200 OK"
2026-02-06 18:18:55,837 - INFO - HTTP Request: GET https://huggingface.co/api/models/kevinscaria/ate_tk-instruct-base-def-pos-neg-neut-combined/discussions?p=0 "HTTP/1.1 200 OK"
2026-02-06 18:18:55,916 - INFO - HTTP Request: GET https://huggingface.co/api/models/kevinscaria/ate_tk-instruct-base-def-pos-neg-neut-combined/commits/refs%2Fpr%2F1 "HTTP/1.1 200 OK"
2026-02-06 18:18:56,015 - INFO - HTTP Request: HEAD https://huggingface.co/kevinscaria/ate_tk-instruct-base-def-pos-neg-neut-combined/resolve/refs%2Fpr%2F1/model.safetensors.index.json "HTTP/1.1 404 Not Found"
2026-02-06 18:18:56,066 - INFO - HTTP Request: HEAD https://huggingface.co/kevinscaria/ate_tk-instruct-base-def-pos-neg-neut-combined/resolve/refs%2Fpr%2F1/model.safetensors "HTTP/1.1 302 Found"
2026-02-06 18:18:56,153 - INFO - HTTP Request: GET https://huggingface.co/api/models/kevinscaria/ate_tk-instruct-base-def-pos-neg-neut-combined/xet-read-token/a27f14d1ee41c2058cdb696d97c68da201bd111f "HTTP/1.1 200 OK"
2026-02-06 18:18:56,219 - INFO - HTTP Request: HEAD https://huggingface.co/kevinscaria/ate_tk-instruct-base-def-pos-neg-neut-combined/resolve/main/generation_config.json "HTTP/1.1 307 Temporary Redirect"
2026-02-06 18:18:56,260 - INFO - HTTP Request: HEAD https://huggingface.co/api/resolve-cache/models/kevinscaria/ate_tk-instruct-base-def-pos-neg-neut-combined/c1ba0cf3f059c8cd7db247b71f3b8ce654ef68d2/generation_config.json "HTTP/1.1 200 OK"
2026-02-06 18:18:56,301 - INFO - HTTP Request: GET https://huggingface.co/api/resolve-cache/models/kevinscaria/ate_tk-instruct-base-def-pos-neg-neut-combined/c1ba0cf3f059c8cd7db247b71f3b8ce654ef68d2/generation_config.json "HTTP/1.1 200 OK"
2026-02-06 18:18:56,361 - INFO - HTTP Request: HEAD https://huggingface.co/yangheng/deberta-v3-base-absa-v1.1/resolve/main/config.json "HTTP/1.1 307 Temporary Redirect"
2026-02-06 18:18:56,378 - INFO - HTTP Request: HEAD https://huggingface.co/api/resolve-cache/models/yangheng/deberta-v3-base-absa-v1.1/10c9dff335a44073e1352360c3a7bc54dc58eb01/config.json "HTTP/1.1 200 OK"
2026-02-06 18:18:56,397 - INFO - HTTP Request: GET https://huggingface.co/api/resolve-cache/models/yangheng/deberta-v3-base-absa-v1.1/10c9dff335a44073e1352360c3a7bc54dc58eb01/config.json "HTTP/1.1 200 OK"
2026-02-06 18:18:56,449 - INFO - HTTP Request: HEAD https://huggingface.co/yangheng/deberta-v3-base-absa-v1.1/resolve/main/adapter_config.json "HTTP/1.1 404 Not Found"
2026-02-06 18:18:56,601 - INFO - HTTP Request: HEAD https://huggingface.co/yangheng/deberta-v3-base-absa-v1.1/resolve/main/config.json "HTTP/1.1 307 Temporary Redirect"
2026-02-06 18:18:56,618 - INFO - HTTP Request: HEAD https://huggingface.co/api/resolve-cache/models/yangheng/deberta-v3-base-absa-v1.1/10c9dff335a44073e1352360c3a7bc54dc58eb01/config.json "HTTP/1.1 200 OK"
2026-02-06 18:18:56,671 - INFO - HTTP Request: HEAD https://huggingface.co/yangheng/deberta-v3-base-absa-v1.1/resolve/main/model.safetensors "HTTP/1.1 302 Found"
2026-02-06 18:18:56,718 - INFO - HTTP Request: GET https://huggingface.co/api/models/yangheng/deberta-v3-base-absa-v1.1/xet-read-token/10c9dff335a44073e1352360c3a7bc54dc58eb01 "HTTP/1.1 200 OK"
2026-02-06 18:19:08,244 - INFO - HTTP Request: HEAD https://huggingface.co/yangheng/deberta-v3-base-absa-v1.1/resolve/main/tokenizer_config.json "HTTP/1.1 307 Temporary Redirect"
2026-02-06 18:19:08,268 - INFO - HTTP Request: HEAD https://huggingface.co/api/resolve-cache/models/yangheng/deberta-v3-base-absa-v1.1/10c9dff335a44073e1352360c3a7bc54dc58eb01/tokenizer_config.json "HTTP/1.1 200 OK"
2026-02-06 18:19:08,292 - INFO - HTTP Request: GET https://huggingface.co/api/resolve-cache/models/yangheng/deberta-v3-base-absa-v1.1/10c9dff335a44073e1352360c3a7bc54dc58eb01/tokenizer_config.json "HTTP/1.1 200 OK"
2026-02-06 18:19:08,347 - INFO - HTTP Request: GET https://huggingface.co/api/models/yangheng/deberta-v3-base-absa-v1.1/tree/main/additional_chat_templates?recursive=false&expand=false "HTTP/1.1 404 Not Found"
2026-02-06 18:19:08,403 - INFO - HTTP Request: GET https://huggingface.co/api/models/yangheng/deberta-v3-base-absa-v1.1/tree/main?recursive=true&expand=false "HTTP/1.1 200 OK"
2026-02-06 18:19:08,465 - INFO - HTTP Request: HEAD https://huggingface.co/yangheng/deberta-v3-base-absa-v1.1/resolve/main/spm.model "HTTP/1.1 302 Found"
2026-02-06 18:19:09,193 - INFO - HTTP Request: HEAD https://huggingface.co/yangheng/deberta-v3-base-absa-v1.1/resolve/main/tokenizer.json "HTTP/1.1 404 Not Found"
2026-02-06 18:19:09,357 - INFO - HTTP Request: HEAD https://huggingface.co/yangheng/deberta-v3-base-absa-v1.1/resolve/main/added_tokens.json "HTTP/1.1 307 Temporary Redirect"
2026-02-06 18:19:09,373 - INFO - HTTP Request: HEAD https://huggingface.co/api/resolve-cache/models/yangheng/deberta-v3-base-absa-v1.1/10c9dff335a44073e1352360c3a7bc54dc58eb01/added_tokens.json "HTTP/1.1 200 OK"
2026-02-06 18:19:09,391 - INFO - HTTP Request: GET https://huggingface.co/api/resolve-cache/models/yangheng/deberta-v3-base-absa-v1.1/10c9dff335a44073e1352360c3a7bc54dc58eb01/added_tokens.json "HTTP/1.1 200 OK"
2026-02-06 18:19:09,438 - INFO - HTTP Request: HEAD https://huggingface.co/yangheng/deberta-v3-base-absa-v1.1/resolve/main/special_tokens_map.json "HTTP/1.1 307 Temporary Redirect"
2026-02-06 18:19:09,454 - INFO - HTTP Request: HEAD https://huggingface.co/api/resolve-cache/models/yangheng/deberta-v3-base-absa-v1.1/10c9dff335a44073e1352360c3a7bc54dc58eb01/special_tokens_map.json "HTTP/1.1 200 OK"
2026-02-06 18:19:09,472 - INFO - HTTP Request: GET https://huggingface.co/api/resolve-cache/models/yangheng/deberta-v3-base-absa-v1.1/10c9dff335a44073e1352360c3a7bc54dc58eb01/special_tokens_map.json "HTTP/1.1 200 OK"
2026-02-06 18:19:09,527 - INFO - HTTP Request: HEAD https://huggingface.co/yangheng/deberta-v3-base-absa-v1.1/resolve/main/chat_template.jinja "HTTP/1.1 404 Not Found"
2026-02-06 18:19:10,088 - INFO - HTTP Request: GET https://huggingface.co/api/models/yangheng/deberta-v3-base-absa-v1.1 "HTTP/1.1 200 OK"
2026-02-06 18:19:10,089 - INFO - Initializing Instruct-DeBERTa (Beam Size = 3) [Hyperparameter Study]...
2026-02-06 18:19:10,142 - INFO - HTTP Request: HEAD https://huggingface.co/kevinscaria/ate_tk-instruct-base-def-pos-neg-neut-combined/resolve/main/config.json "HTTP/1.1 307 Temporary Redirect"
2026-02-06 18:19:10,158 - INFO - HTTP Request: HEAD https://huggingface.co/api/resolve-cache/models/kevinscaria/ate_tk-instruct-base-def-pos-neg-neut-combined/c1ba0cf3f059c8cd7db247b71f3b8ce654ef68d2/config.json "HTTP/1.1 200 OK"
2026-02-06 18:19:10,217 - INFO - HTTP Request: HEAD https://huggingface.co/kevinscaria/ate_tk-instruct-base-def-pos-neg-neut-combined/resolve/main/tokenizer_config.json "HTTP/1.1 307 Temporary Redirect"
2026-02-06 18:19:10,234 - INFO - HTTP Request: HEAD https://huggingface.co/api/resolve-cache/models/kevinscaria/ate_tk-instruct-base-def-pos-neg-neut-combined/c1ba0cf3f059c8cd7db247b71f3b8ce654ef68d2/tokenizer_config.json "HTTP/1.1 200 OK"
2026-02-06 18:19:10,281 - INFO - HTTP Request: GET https://huggingface.co/api/models/kevinscaria/ate_tk-instruct-base-def-pos-neg-neut-combined/tree/main/additional_chat_templates?recursive=false&expand=false "HTTP/1.1 404 Not Found"
2026-02-06 18:19:10,330 - INFO - HTTP Request: GET https://huggingface.co/api/models/kevinscaria/ate_tk-instruct-base-def-pos-neg-neut-combined/tree/main?recursive=true&expand=false "HTTP/1.1 200 OK"
2026-02-06 18:19:10,609 - INFO - HTTP Request: HEAD https://huggingface.co/kevinscaria/ate_tk-instruct-base-def-pos-neg-neut-combined/resolve/main/config.json "HTTP/1.1 307 Temporary Redirect"
2026-02-06 18:19:10,626 - INFO - HTTP Request: HEAD https://huggingface.co/api/resolve-cache/models/kevinscaria/ate_tk-instruct-base-def-pos-neg-neut-combined/c1ba0cf3f059c8cd7db247b71f3b8ce654ef68d2/config.json "HTTP/1.1 200 OK"
2026-02-06 18:19:10,678 - INFO - HTTP Request: HEAD https://huggingface.co/kevinscaria/ate_tk-instruct-base-def-pos-neg-neut-combined/resolve/main/config.json "HTTP/1.1 307 Temporary Redirect"
2026-02-06 18:19:10,695 - INFO - HTTP Request: HEAD https://huggingface.co/api/resolve-cache/models/kevinscaria/ate_tk-instruct-base-def-pos-neg-neut-combined/c1ba0cf3f059c8cd7db247b71f3b8ce654ef68d2/config.json "HTTP/1.1 200 OK"
2026-02-06 18:19:10,761 - INFO - HTTP Request: HEAD https://huggingface.co/kevinscaria/ate_tk-instruct-base-def-pos-neg-neut-combined/resolve/main/model.safetensors "HTTP/1.1 404 Not Found"
2026-02-06 18:19:10,810 - INFO - HTTP Request: GET https://huggingface.co/api/models/kevinscaria/ate_tk-instruct-base-def-pos-neg-neut-combined "HTTP/1.1 200 OK"
2026-02-06 18:19:10,878 - INFO - HTTP Request: GET https://huggingface.co/api/models/kevinscaria/ate_tk-instruct-base-def-pos-neg-neut-combined/commits/main "HTTP/1.1 200 OK"
2026-02-06 18:19:10,946 - INFO - HTTP Request: GET https://huggingface.co/api/models/kevinscaria/ate_tk-instruct-base-def-pos-neg-neut-combined/discussions?p=0 "HTTP/1.1 200 OK"
2026-02-06 18:19:11,049 - INFO - HTTP Request: GET https://huggingface.co/api/models/kevinscaria/ate_tk-instruct-base-def-pos-neg-neut-combined/commits/refs%2Fpr%2F1 "HTTP/1.1 200 OK"
2026-02-06 18:19:11,137 - INFO - HTTP Request: HEAD https://huggingface.co/kevinscaria/ate_tk-instruct-base-def-pos-neg-neut-combined/resolve/refs%2Fpr%2F1/model.safetensors.index.json "HTTP/1.1 404 Not Found"
2026-02-06 18:19:11,241 - INFO - HTTP Request: HEAD https://huggingface.co/kevinscaria/ate_tk-instruct-base-def-pos-neg-neut-combined/resolve/refs%2Fpr%2F1/model.safetensors "HTTP/1.1 302 Found"
2026-02-06 18:19:11,311 - INFO - HTTP Request: HEAD https://huggingface.co/kevinscaria/ate_tk-instruct-base-def-pos-neg-neut-combined/resolve/main/generation_config.json "HTTP/1.1 307 Temporary Redirect"
2026-02-06 18:19:11,329 - INFO - HTTP Request: HEAD https://huggingface.co/api/resolve-cache/models/kevinscaria/ate_tk-instruct-base-def-pos-neg-neut-combined/c1ba0cf3f059c8cd7db247b71f3b8ce654ef68d2/generation_config.json "HTTP/1.1 200 OK"
2026-02-06 18:19:11,385 - INFO - HTTP Request: HEAD https://huggingface.co/yangheng/deberta-v3-base-absa-v1.1/resolve/main/config.json "HTTP/1.1 307 Temporary Redirect"
2026-02-06 18:19:11,402 - INFO - HTTP Request: HEAD https://huggingface.co/api/resolve-cache/models/yangheng/deberta-v3-base-absa-v1.1/10c9dff335a44073e1352360c3a7bc54dc58eb01/config.json "HTTP/1.1 200 OK"
2026-02-06 18:19:11,455 - INFO - HTTP Request: HEAD https://huggingface.co/yangheng/deberta-v3-base-absa-v1.1/resolve/main/config.json "HTTP/1.1 307 Temporary Redirect"
2026-02-06 18:19:11,474 - INFO - HTTP Request: HEAD https://huggingface.co/api/resolve-cache/models/yangheng/deberta-v3-base-absa-v1.1/10c9dff335a44073e1352360c3a7bc54dc58eb01/config.json "HTTP/1.1 200 OK"
2026-02-06 18:19:11,969 - INFO - HTTP Request: GET https://huggingface.co/api/models/yangheng/deberta-v3-base-absa-v1.1/tree/main/additional_chat_templates?recursive=false&expand=false "HTTP/1.1 404 Not Found"
2026-02-06 18:19:12,023 - INFO - HTTP Request: GET https://huggingface.co/api/models/yangheng/deberta-v3-base-absa-v1.1/tree/main?recursive=true&expand=false "HTTP/1.1 200 OK"
2026-02-06 18:19:12,682 - INFO - HTTP Request: GET https://huggingface.co/api/models/yangheng/deberta-v3-base-absa-v1.1 "HTTP/1.1 200 OK"
2026-02-06 18:19:12,684 - INFO - Initializing Baseline (DistilBERT)...
2026-02-06 18:19:12,735 - INFO - HTTP Request: HEAD https://huggingface.co/distilbert-base-uncased-finetuned-sst-2-english/resolve/main/config.json "HTTP/1.1 200 OK"
2026-02-06 18:19:12,781 - INFO - HTTP Request: GET https://huggingface.co/distilbert-base-uncased-finetuned-sst-2-english/resolve/main/config.json "HTTP/1.1 200 OK"
2026-02-06 18:19:12,836 - INFO - HTTP Request: HEAD https://huggingface.co/distilbert-base-uncased-finetuned-sst-2-english/resolve/main/adapter_config.json "HTTP/1.1 404 Not Found"
2026-02-06 18:19:12,919 - INFO - HTTP Request: HEAD https://huggingface.co/distilbert-base-uncased-finetuned-sst-2-english/resolve/main/config.json "HTTP/1.1 200 OK"
2026-02-06 18:19:12,974 - INFO - HTTP Request: HEAD https://huggingface.co/distilbert-base-uncased-finetuned-sst-2-english/resolve/main/model.safetensors "HTTP/1.1 302 Found"
2026-02-06 18:19:13,023 - INFO - HTTP Request: GET https://huggingface.co/api/models/distilbert/distilbert-base-uncased-finetuned-sst-2-english/xet-read-token/714eb0fa89d2f80546fda750413ed43d93601a13 "HTTP/1.1 200 OK"
2026-02-06 18:19:14,803 - INFO - HTTP Request: HEAD https://huggingface.co/distilbert-base-uncased-finetuned-sst-2-english/resolve/main/tokenizer_config.json "HTTP/1.1 200 OK"
2026-02-06 18:19:14,854 - INFO - HTTP Request: GET https://huggingface.co/distilbert-base-uncased-finetuned-sst-2-english/resolve/main/tokenizer_config.json "HTTP/1.1 200 OK"
2026-02-06 18:19:14,904 - INFO - HTTP Request: GET https://huggingface.co/api/models/distilbert-base-uncased-finetuned-sst-2-english/tree/main/additional_chat_templates?recursive=false&expand=false "HTTP/1.1 307 Temporary Redirect"
2026-02-06 18:19:14,947 - INFO - HTTP Request: GET https://huggingface.co/api/models/distilbert/distilbert-base-uncased-finetuned-sst-2-english/tree/main/additional_chat_templates?recursive=false&expand=false "HTTP/1.1 404 Not Found"
2026-02-06 18:19:14,993 - INFO - HTTP Request: GET https://huggingface.co/api/models/distilbert-base-uncased-finetuned-sst-2-english/tree/main?recursive=true&expand=false "HTTP/1.1 307 Temporary Redirect"
2026-02-06 18:19:15,043 - INFO - HTTP Request: GET https://huggingface.co/api/models/distilbert/distilbert-base-uncased-finetuned-sst-2-english/tree/main?recursive=true&expand=false "HTTP/1.1 200 OK"
2026-02-06 18:19:15,088 - INFO - HTTP Request: HEAD https://huggingface.co/distilbert-base-uncased-finetuned-sst-2-english/resolve/main/vocab.txt "HTTP/1.1 200 OK"
2026-02-06 18:19:15,148 - INFO - HTTP Request: GET https://huggingface.co/distilbert-base-uncased-finetuned-sst-2-english/resolve/main/vocab.txt "HTTP/1.1 200 OK"
2026-02-06 18:19:15,237 - INFO - HTTP Request: HEAD https://huggingface.co/distilbert-base-uncased-finetuned-sst-2-english/resolve/main/tokenizer.json "HTTP/1.1 404 Not Found"
2026-02-06 18:19:15,286 - INFO - HTTP Request: HEAD https://huggingface.co/distilbert-base-uncased-finetuned-sst-2-english/resolve/main/added_tokens.json "HTTP/1.1 404 Not Found"
2026-02-06 18:19:15,339 - INFO - HTTP Request: HEAD https://huggingface.co/distilbert-base-uncased-finetuned-sst-2-english/resolve/main/special_tokens_map.json "HTTP/1.1 404 Not Found"
2026-02-06 18:19:15,389 - INFO - HTTP Request: HEAD https://huggingface.co/distilbert-base-uncased-finetuned-sst-2-english/resolve/main/chat_template.jinja "HTTP/1.1 404 Not Found"
2026-02-06 18:19:15,414 - INFO - Evaluating Proposed Model (Beam=1)...
2026-02-06 18:19:30,614 - INFO - Results V1: {'ATE_F1': 0.2581, 'ASC_Accuracy': 0.75, 'ASC_F1': 0.7667}
2026-02-06 18:19:30,614 - INFO - Evaluating Proposed Model (Beam=3)...
2026-02-06 18:19:48,543 - INFO - Results V2: {'ATE_F1': 0.0741, 'ASC_Accuracy': 1.0, 'ASC_F1': 1.0}
2026-02-06 18:19:48,544 - INFO - Evaluating Baseline...
2026-02-06 18:19:49,094 - INFO - Results Baseline: {'ATE_F1': 0.0, 'ASC_Accuracy': 0.8125, 'ASC_F1': 0.8118}
2026-02-06 18:19:49,103 - INFO - Summary metrics saved to results/summary_metrics_20260206_181949.csv
2026-02-06 18:19:49,103 - INFO - Detailed predictions saved to results/detailed_predictions_20260206_181949.csv
